# JRE version: Java(TM) SE Runtime Environment (19.0+36) (build 19+36-2238)
# Java VM: Java HotSpot(TM) 64-Bit Server VM (19+36-2238, mixed mode, sharing, tiered, compressed oops, compressed class ptrs, g1 gc, windows-amd64)
GC Precious Log:
 CardTable entry size: 512
 Card Set container configuration: InlinePtr #cards 5 size 8 Array Of Cards #cards 12 size 40 Howl #buckets 4 coarsen threshold 1843 Howl Bitmap #cards 512 size 80 coarsen threshold 460 Card regions per heap region 1 cards per card region 2048
 CPUs: 4 total, 4 available
 Memory: 6067M
 Large Page Support: Disabled
 NUMA Support: Disabled
 Compressed Oops: Enabled (32-bit)
 Heap Region Size: 1M
 Heap Min Capacity: 8M
 Heap Initial Capacity: 96M
 Heap Max Capacity: 2G
 Pre-touch: Disabled
 Parallel Workers: 4
 Concurrent Workers: 1
 Concurrent Refinement Workers: 4
 Periodic GC: Disabled
Heap:
 garbage-first heap   total 465920K, used 266869K [0x0000000080000000, 0x0000000100000000)
  region size 1024K, 1 young (1024K), 1 survivors (1024K)
 Metaspace       used 127640K, committed 135168K, reserved 552960K
  class space    used 16217K, committed 18752K, reserved 421888K
GC Heap History (20 events):
Event: 3010.291 GC heap after
{Heap after GC invocations=120 (full 0):
 garbage-first heap   total 410624K, used 320226K [0x0000000080000000, 0x0000000100000000)
  region size 1024K, 5 young (5120K), 5 survivors (5120K)
 Metaspace       used 131435K, committed 134464K, reserved 552960K
  class space    used 17188K, committed 18688K, reserved 421888K
}
Event: 3011.151 GC heap before
{Heap before GC invocations=120 (full 0):
 garbage-first heap   total 410624K, used 350946K [0x0000000080000000, 0x0000000100000000)
  region size 1024K, 36 young (36864K), 5 survivors (5120K)
 Metaspace       used 131589K, committed 134592K, reserved 552960K
  class space    used 17190K, committed 18688K, reserved 421888K
}
Event: 3011.165 GC heap after
{Heap after GC invocations=121 (full 0):
 garbage-first heap   total 410624K, used 323494K [0x0000000080000000, 0x0000000100000000)
  region size 1024K, 5 young (5120K), 5 survivors (5120K)
 Metaspace       used 131589K, committed 134592K, reserved 552960K
  class space    used 17190K, committed 18688K, reserved 421888K
}
Event: 3023.808 GC heap before
{Heap before GC invocations=121 (full 0):
 garbage-first heap   total 410624K, used 353190K [0x0000000080000000, 0x0000000100000000)
  region size 1024K, 34 young (34816K), 5 survivors (5120K)
 Metaspace       used 131625K, committed 134656K, reserved 552960K
  class space    used 17192K, committed 18688K, reserved 421888K
}
Event: 3023.830 GC heap after
{Heap after GC invocations=122 (full 0):
 garbage-first heap   total 410624K, used 328453K [0x0000000080000000, 0x0000000100000000)
  region size 1024K, 5 young (5120K), 5 survivors (5120K)
 Metaspace       used 131625K, committed 134656K, reserved 552960K
  class space    used 17192K, committed 18688K, reserved 421888K
}
Event: 3024.730 GC heap before
{Heap before GC invocations=122 (full 0):
 garbage-first heap   total 410624K, used 355077K [0x0000000080000000, 0x0000000100000000)
  region size 1024K, 31 young (31744K), 5 survivors (5120K)
 Metaspace       used 131918K, committed 135040K, reserved 552960K
  class space    used 17229K, committed 18752K, reserved 421888K
}
Event: 3024.748 GC heap after
{Heap after GC invocations=123 (full 0):
 garbage-first heap   total 410624K, used 333353K [0x0000000080000000, 0x0000000100000000)
  region size 1024K, 4 young (4096K), 4 survivors (4096K)
 Metaspace       used 131918K, committed 135040K, reserved 552960K
  class space    used 17229K, committed 18752K, reserved 421888K
}
Event: 3025.185 GC heap before
{Heap before GC invocations=123 (full 0):
 garbage-first heap   total 410624K, used 354857K [0x0000000080000000, 0x0000000100000000)
  region size 1024K, 26 young (26624K), 4 survivors (4096K)
 Metaspace       used 131959K, committed 135104K, reserved 552960K
  class space    used 17229K, committed 18752K, reserved 421888K
}
Event: 3025.203 GC heap after
{Heap after GC invocations=124 (full 0):
 garbage-first heap   total 410624K, used 339695K [0x0000000080000000, 0x0000000100000000)
  region size 1024K, 4 young (4096K), 4 survivors (4096K)
 Metaspace       used 131959K, committed 135104K, reserved 552960K
  class space    used 17229K, committed 18752K, reserved 421888K
}
Event: 3025.420 GC heap before
{Heap before GC invocations=124 (full 0):
 garbage-first heap   total 410624K, used 357103K [0x0000000080000000, 0x0000000100000000)
  region size 1024K, 21 young (21504K), 4 survivors (4096K)
 Metaspace       used 132037K, committed 135168K, reserved 552960K
  class space    used 17231K, committed 18752K, reserved 421888K
}
Event: 3025.436 GC heap after
{Heap after GC invocations=125 (full 0):
 garbage-first heap   total 410624K, used 344916K [0x0000000080000000, 0x0000000100000000)
  region size 1024K, 3 young (3072K), 3 survivors (3072K)
 Metaspace       used 132037K, committed 135168K, reserved 552960K
  class space    used 17231K, committed 18752K, reserved 421888K
}
Event: 3025.695 GC heap before
{Heap before GC invocations=125 (full 0):
 garbage-first heap   total 410624K, used 362324K [0x0000000080000000, 0x0000000100000000)
  region size 1024K, 20 young (20480K), 3 survivors (3072K)
 Metaspace       used 132070K, committed 135168K, reserved 552960K
  class space    used 17231K, committed 18752K, reserved 421888K
}
Event: 3025.710 GC heap after
{Heap after GC invocations=126 (full 0):
 garbage-first heap   total 410624K, used 350208K [0x0000000080000000, 0x0000000100000000)
  region size 1024K, 3 young (3072K), 3 survivors (3072K)
 Metaspace       used 132070K, committed 135168K, reserved 552960K
  class space    used 17231K, committed 18752K, reserved 421888K
}
Event: 3155.626 GC heap before
{Heap before GC invocations=126 (full 0):
 garbage-first heap   total 410624K, used 366591K [0x0000000080000000, 0x0000000100000000)
  region size 1024K, 20 young (20480K), 3 survivors (3072K)
 Metaspace       used 132128K, committed 135168K, reserved 552960K
  class space    used 17237K, committed 18752K, reserved 421888K
}
Event: 3155.646 GC heap after
{Heap after GC invocations=127 (full 0):
 garbage-first heap   total 410624K, used 353188K [0x0000000080000000, 0x0000000100000000)
  region size 1024K, 3 young (3072K), 3 survivors (3072K)
 Metaspace       used 132128K, committed 135168K, reserved 552960K
  class space    used 17237K, committed 18752K, reserved 421888K
}
Event: 3156.906 GC heap before
{Heap before GC invocations=127 (full 0):
 garbage-first heap   total 410624K, used 371620K [0x0000000080000000, 0x0000000100000000)
  region size 1024K, 20 young (20480K), 3 survivors (3072K)
 Metaspace       used 132135K, committed 135232K, reserved 552960K
  class space    used 17237K, committed 18752K, reserved 421888K
}
Event: 3156.917 GC heap after
{Heap after GC invocations=128 (full 0):
 garbage-first heap   total 410624K, used 354847K [0x0000000080000000, 0x0000000100000000)
  region size 1024K, 1 young (1024K), 1 survivors (1024K)
 Metaspace       used 132135K, committed 135232K, reserved 552960K
  class space    used 17237K, committed 18752K, reserved 421888K
}
Event: 3157.010 GC heap before
{Heap before GC invocations=128 (full 0):
 garbage-first heap   total 410624K, used 374303K [0x0000000080000000, 0x0000000100000000)
  region size 1024K, 20 young (20480K), 1 survivors (1024K)
 Metaspace       used 132135K, committed 135232K, reserved 552960K
  class space    used 17237K, committed 18752K, reserved 421888K
}
Event: 3157.012 GC heap after
{Heap after GC invocations=129 (full 0):
 garbage-first heap   total 410624K, used 354783K [0x0000000080000000, 0x0000000100000000)
  region size 1024K, 1 young (1024K), 1 survivors (1024K)
 Metaspace       used 132135K, committed 135232K, reserved 552960K
  class space    used 17237K, committed 18752K, reserved 421888K
}
Event: 3157.454 GC heap before
{Heap before GC invocations=129 (full 0):
 garbage-first heap   total 465920K, used 286175K [0x0000000080000000, 0x0000000100000000)
  region size 1024K, 20 young (20480K), 1 survivors (1024K)
 Metaspace       used 127640K, committed 135168K, reserved 552960K
  class space    used 16217K, committed 18752K, reserved 421888K
}

